[ 2017-05-26T10:04:20+08:00 ] 127.0.0.1 /index.php/Admin/Doc/index
ERR: Think\Model:getDoc方法不存在！

[ 2017-05-26T12:49:34+08:00 ] 127.0.0.1 /index.php/Admin/Doc/index.html
ERR: SQLSTATE[23000]: Integrity constraint violation: 1052 Column 'id' in where clause is ambiguous

[ 2017-05-26T16:36:56+08:00 ] 127.0.0.1 /index.php/Admin/Doc/checkContent
INFO: [ app_begin ] --START--
INFO: Run Behavior\ReadHtmlCacheBehavior [ RunTime:0.000549s ]
INFO: [ app_begin ] --END-- [ RunTime:0.000875s ]
SQL: SELECT * FROM `oa_doc` WHERE `id` = '1' LIMIT 1   [ RunTime:0.0003s ]

[ 2017-05-26T16:37:54+08:00 ] 127.0.0.1 /index.php/Admin/Doc/checkContent
INFO: [ app_begin ] --START--
INFO: Run Behavior\ReadHtmlCacheBehavior [ RunTime:0.000486s ]
INFO: [ app_begin ] --END-- [ RunTime:0.000788s ]
SQL: SELECT * FROM `oa_doc` WHERE `id` = '1' LIMIT 1   [ RunTime:0.0003s ]

[ 2017-05-26T16:38:19+08:00 ] 127.0.0.1 /index.php/Admin/Doc/checkContent
INFO: [ app_begin ] --START--
INFO: Run Behavior\ReadHtmlCacheBehavior [ RunTime:0.001560s ]
INFO: [ app_begin ] --END-- [ RunTime:0.002198s ]
SQL: SELECT * FROM `oa_doc` WHERE `id` = '1' LIMIT 1   [ RunTime:0.0004s ]

[ 2017-05-26T16:41:32+08:00 ] 127.0.0.1 /index.php/Admin/Doc/checkContent
INFO: [ app_begin ] --START--
INFO: Run Behavior\ReadHtmlCacheBehavior [ RunTime:0.000874s ]
INFO: [ app_begin ] --END-- [ RunTime:0.001442s ]
SQL: SELECT * FROM `oa_doc` WHERE `id` = '1' LIMIT 1   [ RunTime:0.0004s ]

[ 2017-05-26T16:41:38+08:00 ] 127.0.0.1 /index.php/Admin/Doc/checkContent
INFO: [ app_begin ] --START--
INFO: Run Behavior\ReadHtmlCacheBehavior [ RunTime:0.000554s ]
INFO: [ app_begin ] --END-- [ RunTime:0.000897s ]
SQL: SELECT * FROM `oa_doc` WHERE `id` = '2' LIMIT 1   [ RunTime:0.0003s ]

[ 2017-05-26T16:41:40+08:00 ] 127.0.0.1 /index.php/Admin/Doc/checkContent
INFO: [ app_begin ] --START--
INFO: Run Behavior\ReadHtmlCacheBehavior [ RunTime:0.000766s ]
INFO: [ app_begin ] --END-- [ RunTime:0.001204s ]
SQL: SELECT * FROM `oa_doc` WHERE `id` = '1' LIMIT 1   [ RunTime:0.0002s ]

[ 2017-05-26T16:41:45+08:00 ] 127.0.0.1 /index.php/Admin/Doc/checkContent
INFO: [ app_begin ] --START--
INFO: Run Behavior\ReadHtmlCacheBehavior [ RunTime:0.000560s ]
INFO: [ app_begin ] --END-- [ RunTime:0.000913s ]
SQL: SELECT * FROM `oa_doc` WHERE `id` = '2' LIMIT 1   [ RunTime:0.0003s ]

[ 2017-05-26T16:43:36+08:00 ] 127.0.0.1 /index.php/Admin/Doc/checkContent
INFO: [ app_begin ] --START--
INFO: Run Behavior\ReadHtmlCacheBehavior [ RunTime:0.000544s ]
INFO: [ app_begin ] --END-- [ RunTime:0.000863s ]
SQL: SELECT * FROM `oa_doc` WHERE `id` = '1' LIMIT 1   [ RunTime:0.0003s ]

[ 2017-05-26T16:47:14+08:00 ] 127.0.0.1 /index.php/Admin/Doc/checkContent
INFO: [ app_begin ] --START--
INFO: Run Behavior\ReadHtmlCacheBehavior [ RunTime:0.000467s ]
INFO: [ app_begin ] --END-- [ RunTime:0.000737s ]
SQL: SELECT * FROM `oa_doc` WHERE `id` = '1' LIMIT 1   [ RunTime:0.0003s ]

[ 2017-05-26T16:47:27+08:00 ] 127.0.0.1 /index.php/Admin/Doc/checkContent
INFO: [ app_begin ] --START--
INFO: Run Behavior\ReadHtmlCacheBehavior [ RunTime:0.001317s ]
INFO: [ app_begin ] --END-- [ RunTime:0.001790s ]
SQL: SELECT * FROM `oa_doc` WHERE `id` = '2' LIMIT 1   [ RunTime:0.0003s ]

[ 2017-05-26T16:50:01+08:00 ] 127.0.0.1 /index.php/Admin/Doc/checkContent
INFO: [ app_begin ] --START--
INFO: Run Behavior\ReadHtmlCacheBehavior [ RunTime:0.000571s ]
INFO: [ app_begin ] --END-- [ RunTime:0.000992s ]
SQL: SELECT * FROM `oa_doc` WHERE `id` = '1' LIMIT 1   [ RunTime:0.0003s ]

[ 2017-05-26T16:50:30+08:00 ] 127.0.0.1 /index.php/Admin/Doc/checkContent
INFO: [ app_begin ] --START--
INFO: Run Behavior\ReadHtmlCacheBehavior [ RunTime:0.000623s ]
INFO: [ app_begin ] --END-- [ RunTime:0.001055s ]
SQL: SELECT * FROM `oa_doc` WHERE `id` = '1' LIMIT 1   [ RunTime:0.0003s ]

[ 2017-05-26T16:50:45+08:00 ] 127.0.0.1 /index.php/Admin/Doc/checkContent
INFO: [ app_begin ] --START--
INFO: Run Behavior\ReadHtmlCacheBehavior [ RunTime:0.000554s ]
INFO: [ app_begin ] --END-- [ RunTime:0.000898s ]
SQL: SELECT * FROM `oa_doc` WHERE `id` = '2' LIMIT 1   [ RunTime:0.0003s ]

[ 2017-05-26T16:50:48+08:00 ] 127.0.0.1 /index.php/Admin/Doc/checkContent
INFO: [ app_begin ] --START--
INFO: Run Behavior\ReadHtmlCacheBehavior [ RunTime:0.000655s ]
INFO: [ app_begin ] --END-- [ RunTime:0.001014s ]
SQL: SELECT * FROM `oa_doc` WHERE `id` = '1' LIMIT 1   [ RunTime:0.0003s ]

[ 2017-05-26T16:50:51+08:00 ] 127.0.0.1 /index.php/Admin/Doc/checkContent
INFO: [ app_begin ] --START--
INFO: Run Behavior\ReadHtmlCacheBehavior [ RunTime:0.000540s ]
INFO: [ app_begin ] --END-- [ RunTime:0.000866s ]
SQL: SELECT * FROM `oa_doc` WHERE `id` = '2' LIMIT 1   [ RunTime:0.0003s ]

[ 2017-05-26T16:51:41+08:00 ] 127.0.0.1 /index.php/Admin/Doc/checkContent
INFO: [ app_begin ] --START--
INFO: Run Behavior\ReadHtmlCacheBehavior [ RunTime:0.001063s ]
INFO: [ app_begin ] --END-- [ RunTime:0.002022s ]
SQL: SELECT * FROM `oa_doc` WHERE `id` = '1' LIMIT 1   [ RunTime:0.0003s ]

[ 2017-05-26T16:51:45+08:00 ] 127.0.0.1 /index.php/Admin/Doc/checkContent
INFO: [ app_begin ] --START--
INFO: Run Behavior\ReadHtmlCacheBehavior [ RunTime:0.000790s ]
INFO: [ app_begin ] --END-- [ RunTime:0.001064s ]
SQL: SELECT * FROM `oa_doc` WHERE `id` = '2' LIMIT 1   [ RunTime:0.0003s ]

[ 2017-05-26T16:53:08+08:00 ] 127.0.0.1 /index.php/Admin/Doc/checkContent
INFO: [ app_begin ] --START--
INFO: Run Behavior\ReadHtmlCacheBehavior [ RunTime:0.000552s ]
INFO: [ app_begin ] --END-- [ RunTime:0.000892s ]
SQL: SELECT * FROM `oa_doc` WHERE `id` = '3' LIMIT 1   [ RunTime:0.0003s ]

[ 2017-05-26T16:54:47+08:00 ] 127.0.0.1 /index.php/Admin/Doc/checkContent
INFO: [ app_begin ] --START--
INFO: Run Behavior\ReadHtmlCacheBehavior [ RunTime:0.000561s ]
INFO: [ app_begin ] --END-- [ RunTime:0.000907s ]
SQL: SELECT * FROM `oa_doc` WHERE `id` = '3' LIMIT 1   [ RunTime:0.0003s ]

[ 2017-05-26T16:56:25+08:00 ] 127.0.0.1 /index.php/Admin/Doc/checkContent
INFO: [ app_begin ] --START--
INFO: Run Behavior\ReadHtmlCacheBehavior [ RunTime:0.000549s ]
INFO: [ app_begin ] --END-- [ RunTime:0.000893s ]
SQL: SELECT * FROM `oa_doc` WHERE `id` = '4' LIMIT 1   [ RunTime:0.0003s ]

[ 2017-05-26T16:58:04+08:00 ] 127.0.0.1 /index.php/Admin/Doc/checkContent
INFO: [ app_begin ] --START--
INFO: Run Behavior\ReadHtmlCacheBehavior [ RunTime:0.000566s ]
INFO: [ app_begin ] --END-- [ RunTime:0.000888s ]
SQL: SELECT * FROM `oa_doc` WHERE `id` = '1' LIMIT 1   [ RunTime:0.0003s ]

[ 2017-05-26T16:58:26+08:00 ] 127.0.0.1 /index.php/Admin/Doc/checkContent
INFO: [ app_begin ] --START--
INFO: Run Behavior\ReadHtmlCacheBehavior [ RunTime:0.000563s ]
INFO: [ app_begin ] --END-- [ RunTime:0.000967s ]
SQL: SELECT * FROM `oa_doc` WHERE `id` = '2' LIMIT 1   [ RunTime:0.0003s ]

[ 2017-05-26T16:58:47+08:00 ] 127.0.0.1 /index.php/Admin/Doc/checkContent
INFO: [ app_begin ] --START--
INFO: Run Behavior\ReadHtmlCacheBehavior [ RunTime:0.000561s ]
INFO: [ app_begin ] --END-- [ RunTime:0.000892s ]
SQL: SELECT * FROM `oa_doc` WHERE `id` = '4' LIMIT 1   [ RunTime:0.0003s ]

[ 2017-05-26T16:59:41+08:00 ] 127.0.0.1 /index.php/Admin/Doc/checkContent
INFO: [ app_begin ] --START--
INFO: Run Behavior\ReadHtmlCacheBehavior [ RunTime:0.000558s ]
INFO: [ app_begin ] --END-- [ RunTime:0.000900s ]
SQL: SELECT * FROM `oa_doc` WHERE `id` = '4' LIMIT 1   [ RunTime:0.0003s ]

[ 2017-05-26T17:00:15+08:00 ] 127.0.0.1 /index.php/Admin/Doc/checkContent
INFO: [ app_begin ] --START--
INFO: Run Behavior\ReadHtmlCacheBehavior [ RunTime:0.000738s ]
INFO: [ app_begin ] --END-- [ RunTime:0.001151s ]
SQL: SELECT * FROM `oa_doc` WHERE `id` = '2' LIMIT 1   [ RunTime:0.0003s ]

[ 2017-05-26T17:00:30+08:00 ] 127.0.0.1 /index.php/Admin/Doc/checkContent
INFO: [ app_begin ] --START--
INFO: Run Behavior\ReadHtmlCacheBehavior [ RunTime:0.000517s ]
INFO: [ app_begin ] --END-- [ RunTime:0.000818s ]
SQL: SELECT * FROM `oa_doc` WHERE `id` = '4' LIMIT 1   [ RunTime:0.0003s ]

[ 2017-05-26T17:00:37+08:00 ] 127.0.0.1 /index.php/Admin/Doc/checkContent
INFO: [ app_begin ] --START--
INFO: Run Behavior\ReadHtmlCacheBehavior [ RunTime:0.000562s ]
INFO: [ app_begin ] --END-- [ RunTime:0.000913s ]
SQL: SELECT * FROM `oa_doc` WHERE `id` = '3' LIMIT 1   [ RunTime:0.0003s ]

[ 2017-05-26T17:02:16+08:00 ] 127.0.0.1 /index.php/Admin/Doc/checkContent
INFO: [ app_begin ] --START--
INFO: Run Behavior\ReadHtmlCacheBehavior [ RunTime:0.000496s ]
INFO: [ app_begin ] --END-- [ RunTime:0.000805s ]
SQL: SELECT * FROM `oa_doc` WHERE `id` = '3' LIMIT 1   [ RunTime:0.0003s ]

[ 2017-05-26T17:02:18+08:00 ] 127.0.0.1 /index.php/Admin/Doc/checkContent
INFO: [ app_begin ] --START--
INFO: Run Behavior\ReadHtmlCacheBehavior [ RunTime:0.000479s ]
INFO: [ app_begin ] --END-- [ RunTime:0.000792s ]
SQL: SELECT * FROM `oa_doc` WHERE `id` = '3' LIMIT 1   [ RunTime:0.0003s ]

[ 2017-05-26T17:02:23+08:00 ] 127.0.0.1 /index.php/Admin/Doc/checkContent
INFO: [ app_begin ] --START--
INFO: Run Behavior\ReadHtmlCacheBehavior [ RunTime:0.000553s ]
INFO: [ app_begin ] --END-- [ RunTime:0.000910s ]
SQL: SELECT * FROM `oa_doc` WHERE `id` = '4' LIMIT 1   [ RunTime:0.0003s ]

[ 2017-05-26T17:02:25+08:00 ] 127.0.0.1 /index.php/Admin/Doc/checkContent
INFO: [ app_begin ] --START--
INFO: Run Behavior\ReadHtmlCacheBehavior [ RunTime:0.000470s ]
INFO: [ app_begin ] --END-- [ RunTime:0.000745s ]
SQL: SELECT * FROM `oa_doc` WHERE `id` = '4' LIMIT 1   [ RunTime:0.0003s ]

[ 2017-05-26T17:08:28+08:00 ] 127.0.0.1 /index.php/Admin/Doc/checkContent
INFO: [ app_begin ] --START--
INFO: Run Behavior\ReadHtmlCacheBehavior [ RunTime:0.000863s ]
INFO: [ app_begin ] --END-- [ RunTime:0.001302s ]
SQL: SELECT * FROM `oa_doc` WHERE `id` = '4' LIMIT 1   [ RunTime:0.0003s ]

[ 2017-05-26T17:08:32+08:00 ] 127.0.0.1 /index.php/Admin/Doc/checkContent
INFO: [ app_begin ] --START--
INFO: Run Behavior\ReadHtmlCacheBehavior [ RunTime:0.000650s ]
INFO: [ app_begin ] --END-- [ RunTime:0.001174s ]
SQL: SELECT * FROM `oa_doc` WHERE `id` = '3' LIMIT 1   [ RunTime:0.0016s ]

[ 2017-05-26T17:09:46+08:00 ] 127.0.0.1 /index.php/Admin/Doc/checkContent
INFO: [ app_begin ] --START--
INFO: Run Behavior\ReadHtmlCacheBehavior [ RunTime:0.000738s ]
INFO: [ app_begin ] --END-- [ RunTime:0.001158s ]
SQL: SELECT * FROM `oa_doc` WHERE `id` = '3' LIMIT 1   [ RunTime:0.0005s ]

[ 2017-05-26T17:12:29+08:00 ] 127.0.0.1 /index.php/Admin/Doc/checkContent
INFO: [ app_begin ] --START--
INFO: Run Behavior\ReadHtmlCacheBehavior [ RunTime:0.000738s ]
INFO: [ app_begin ] --END-- [ RunTime:0.001183s ]
SQL: SELECT * FROM `oa_doc` WHERE `id` = '3' LIMIT 1   [ RunTime:0.0004s ]

[ 2017-05-26T17:12:45+08:00 ] 127.0.0.1 /index.php/Admin/Doc/checkContent
INFO: [ app_begin ] --START--
INFO: Run Behavior\ReadHtmlCacheBehavior [ RunTime:0.000894s ]
INFO: [ app_begin ] --END-- [ RunTime:0.001371s ]
SQL: SELECT * FROM `oa_doc` WHERE `id` = '4' LIMIT 1   [ RunTime:0.0004s ]

[ 2017-05-26T17:14:26+08:00 ] 127.0.0.1 /index.php/Admin/Doc/checkContent
INFO: [ app_begin ] --START--
INFO: Run Behavior\ReadHtmlCacheBehavior [ RunTime:0.001053s ]
INFO: [ app_begin ] --END-- [ RunTime:0.004910s ]
SQL: SELECT * FROM `oa_doc` WHERE `id` = '4' LIMIT 1   [ RunTime:0.0003s ]

[ 2017-05-26T17:14:29+08:00 ] 127.0.0.1 /index.php/Admin/Doc/checkContent
INFO: [ app_begin ] --START--
INFO: Run Behavior\ReadHtmlCacheBehavior [ RunTime:0.000881s ]
INFO: [ app_begin ] --END-- [ RunTime:0.001340s ]
SQL: SELECT * FROM `oa_doc` WHERE `id` = '4' LIMIT 1   [ RunTime:0.0003s ]

[ 2017-05-26T17:15:11+08:00 ] 127.0.0.1 /index.php/Admin/Doc/checkContent
INFO: [ app_begin ] --START--
INFO: Run Behavior\ReadHtmlCacheBehavior [ RunTime:0.000602s ]
INFO: [ app_begin ] --END-- [ RunTime:0.001007s ]
SQL: SELECT * FROM `oa_doc` WHERE `id` = '3' LIMIT 1   [ RunTime:0.0008s ]

[ 2017-05-26T17:15:51+08:00 ] 127.0.0.1 /index.php/Admin/Doc/checkContent
INFO: [ app_begin ] --START--
INFO: Run Behavior\ReadHtmlCacheBehavior [ RunTime:0.000861s ]
INFO: [ app_begin ] --END-- [ RunTime:0.001484s ]
SQL: SELECT * FROM `oa_doc` WHERE `id` = '3' LIMIT 1   [ RunTime:0.0007s ]

[ 2017-05-26T17:16:00+08:00 ] 127.0.0.1 /index.php/Admin/Doc/checkContent
INFO: [ app_begin ] --START--
INFO: Run Behavior\ReadHtmlCacheBehavior [ RunTime:0.000684s ]
INFO: [ app_begin ] --END-- [ RunTime:0.001208s ]
SQL: SELECT * FROM `oa_doc` WHERE `id` = '3' LIMIT 1   [ RunTime:0.0008s ]

[ 2017-05-26T17:21:59+08:00 ] 127.0.0.1 /index.php/Admin/Doc/checkContent
INFO: [ app_begin ] --START--
INFO: Run Behavior\ReadHtmlCacheBehavior [ RunTime:0.000685s ]
INFO: [ app_begin ] --END-- [ RunTime:0.001228s ]
SQL: SELECT * FROM `oa_doc` WHERE `id` = '4' LIMIT 1   [ RunTime:0.0010s ]

[ 2017-05-26T17:22:09+08:00 ] 127.0.0.1 /index.php/Admin/Doc/checkContent
INFO: [ app_begin ] --START--
INFO: Run Behavior\ReadHtmlCacheBehavior [ RunTime:0.000979s ]
INFO: [ app_begin ] --END-- [ RunTime:0.001589s ]
SQL: SELECT * FROM `oa_doc` WHERE `id` = '1' LIMIT 1   [ RunTime:0.0003s ]

[ 2017-05-26T17:22:40+08:00 ] 127.0.0.1 /index.php/Admin/Doc/checkContent
INFO: [ app_begin ] --START--
INFO: Run Behavior\ReadHtmlCacheBehavior [ RunTime:0.000715s ]
INFO: [ app_begin ] --END-- [ RunTime:0.001572s ]
SQL: SELECT * FROM `oa_doc` WHERE `id` = '2' LIMIT 1   [ RunTime:0.0007s ]

[ 2017-05-26T17:22:51+08:00 ] 127.0.0.1 /index.php/Admin/Doc/checkContent
INFO: [ app_begin ] --START--
INFO: Run Behavior\ReadHtmlCacheBehavior [ RunTime:0.000829s ]
INFO: [ app_begin ] --END-- [ RunTime:0.001337s ]
SQL: SELECT * FROM `oa_doc` WHERE `id` = '1' LIMIT 1   [ RunTime:0.0004s ]

[ 2017-05-26T17:22:59+08:00 ] 127.0.0.1 /index.php/Admin/Doc/checkContent
INFO: [ app_begin ] --START--
INFO: Run Behavior\ReadHtmlCacheBehavior [ RunTime:0.000901s ]
INFO: [ app_begin ] --END-- [ RunTime:0.001487s ]
SQL: SELECT * FROM `oa_doc` WHERE `id` = '4' LIMIT 1   [ RunTime:0.0008s ]

[ 2017-05-26T17:23:13+08:00 ] 127.0.0.1 /index.php/Admin/Doc/checkContent
INFO: [ app_begin ] --START--
INFO: Run Behavior\ReadHtmlCacheBehavior [ RunTime:0.000482s ]
INFO: [ app_begin ] --END-- [ RunTime:0.000782s ]
SQL: SELECT * FROM `oa_doc` WHERE `id` = '2' LIMIT 1   [ RunTime:0.0007s ]

[ 2017-05-26T17:23:23+08:00 ] 127.0.0.1 /index.php/Admin/Doc/checkContent
INFO: [ app_begin ] --START--
INFO: Run Behavior\ReadHtmlCacheBehavior [ RunTime:0.000609s ]
INFO: [ app_begin ] --END-- [ RunTime:0.001125s ]
SQL: SELECT * FROM `oa_doc` WHERE `id` = '4' LIMIT 1   [ RunTime:0.0011s ]

[ 2017-05-26T17:30:23+08:00 ] 127.0.0.1 /index.php/Admin/Doc/checkContent
INFO: [ app_begin ] --START--
INFO: Run Behavior\ReadHtmlCacheBehavior [ RunTime:0.000855s ]
INFO: [ app_begin ] --END-- [ RunTime:0.001419s ]
SQL: SELECT * FROM `oa_doc` WHERE `id` = '3' LIMIT 1   [ RunTime:0.0005s ]

[ 2017-05-26T17:31:12+08:00 ] 127.0.0.1 /index.php/Admin/Doc/checkContent
INFO: [ app_begin ] --START--
INFO: Run Behavior\ReadHtmlCacheBehavior [ RunTime:0.000882s ]
INFO: [ app_begin ] --END-- [ RunTime:0.001413s ]
SQL: SELECT * FROM `oa_doc` WHERE `id` = '50' LIMIT 1   [ RunTime:0.0008s ]

[ 2017-05-26T17:31:22+08:00 ] 127.0.0.1 /index.php/Admin/Doc/checkContent
INFO: [ app_begin ] --START--
INFO: Run Behavior\ReadHtmlCacheBehavior [ RunTime:0.000882s ]
INFO: [ app_begin ] --END-- [ RunTime:0.001465s ]
SQL: SELECT * FROM `oa_doc` WHERE `id` = '50' LIMIT 1   [ RunTime:0.0005s ]

[ 2017-05-26T17:33:21+08:00 ] 127.0.0.1 /index.php/Admin/Doc/checkContent
INFO: [ app_begin ] --START--
INFO: Run Behavior\ReadHtmlCacheBehavior [ RunTime:0.000831s ]
INFO: [ app_begin ] --END-- [ RunTime:0.001497s ]
SQL: SELECT * FROM `oa_doc` WHERE `id` = '4' LIMIT 1   [ RunTime:0.0008s ]

[ 2017-05-26T17:33:29+08:00 ] 127.0.0.1 /index.php/Admin/Doc/checkContent
INFO: [ app_begin ] --START--
INFO: Run Behavior\ReadHtmlCacheBehavior [ RunTime:0.000866s ]
INFO: [ app_begin ] --END-- [ RunTime:0.001332s ]
SQL: SELECT * FROM `oa_doc` WHERE `id` = '1' LIMIT 1   [ RunTime:0.0005s ]

[ 2017-05-26T17:33:54+08:00 ] 127.0.0.1 /index.php/Admin/Doc/checkContent
INFO: [ app_begin ] --START--
INFO: Run Behavior\ReadHtmlCacheBehavior [ RunTime:0.001185s ]
INFO: [ app_begin ] --END-- [ RunTime:0.001678s ]
SQL: SELECT * FROM `oa_doc` WHERE `id` = '2' LIMIT 1   [ RunTime:0.0010s ]

[ 2017-05-26T17:34:25+08:00 ] 127.0.0.1 /index.php/Admin/Doc/checkContent
INFO: [ app_begin ] --START--
INFO: Run Behavior\ReadHtmlCacheBehavior [ RunTime:0.000657s ]
INFO: [ app_begin ] --END-- [ RunTime:0.001046s ]
SQL: SELECT * FROM `oa_doc` WHERE `id` = '4' LIMIT 1   [ RunTime:0.0010s ]

[ 2017-05-26T17:35:04+08:00 ] 127.0.0.1 /index.php/Admin/Doc/checkContent
INFO: [ app_begin ] --START--
INFO: Run Behavior\ReadHtmlCacheBehavior [ RunTime:0.000991s ]
INFO: [ app_begin ] --END-- [ RunTime:0.001576s ]
SQL: SELECT * FROM `oa_doc` WHERE `id` = '4' LIMIT 1   [ RunTime:0.0008s ]

[ 2017-05-26T17:35:14+08:00 ] 127.0.0.1 /index.php/Admin/Doc/checkContent
INFO: [ app_begin ] --START--
INFO: Run Behavior\ReadHtmlCacheBehavior [ RunTime:0.001150s ]
INFO: [ app_begin ] --END-- [ RunTime:0.001833s ]
SQL: SELECT * FROM `oa_doc` WHERE `id` = '2' LIMIT 1   [ RunTime:0.0006s ]

[ 2017-05-26T17:36:13+08:00 ] 127.0.0.1 /index.php/Admin/Doc/checkContent
INFO: [ app_begin ] --START--
INFO: Run Behavior\ReadHtmlCacheBehavior [ RunTime:0.000834s ]
INFO: [ app_begin ] --END-- [ RunTime:0.006639s ]
SQL: SELECT * FROM `oa_doc` WHERE `id` = '3' LIMIT 1   [ RunTime:0.0009s ]

[ 2017-05-26T17:38:46+08:00 ] 127.0.0.1 /index.php/Admin/Doc/checkContent
INFO: [ app_begin ] --START--
INFO: Run Behavior\ReadHtmlCacheBehavior [ RunTime:0.002115s ]
INFO: [ app_begin ] --END-- [ RunTime:0.002616s ]
SQL: SELECT * FROM `oa_doc` WHERE `id` = '2' LIMIT 1   [ RunTime:0.0009s ]

[ 2017-05-26T17:38:58+08:00 ] 127.0.0.1 /index.php/Admin/Doc/checkContent
INFO: [ app_begin ] --START--
INFO: Run Behavior\ReadHtmlCacheBehavior [ RunTime:0.000776s ]
INFO: [ app_begin ] --END-- [ RunTime:0.001253s ]
SQL: SELECT * FROM `oa_doc` WHERE `id` = '2' LIMIT 1   [ RunTime:0.0003s ]

[ 2017-05-26T17:39:00+08:00 ] 127.0.0.1 /index.php/Admin/Doc/checkContent
INFO: [ app_begin ] --START--
INFO: Run Behavior\ReadHtmlCacheBehavior [ RunTime:0.001295s ]
INFO: [ app_begin ] --END-- [ RunTime:0.001974s ]
SQL: SELECT * FROM `oa_doc` WHERE `id` = '4' LIMIT 1   [ RunTime:0.0002s ]

[ 2017-05-26T17:39:03+08:00 ] 127.0.0.1 /index.php/Admin/Doc/checkContent
INFO: [ app_begin ] --START--
INFO: Run Behavior\ReadHtmlCacheBehavior [ RunTime:0.000586s ]
INFO: [ app_begin ] --END-- [ RunTime:0.001072s ]
SQL: SELECT * FROM `oa_doc` WHERE `id` = '3' LIMIT 1   [ RunTime:0.0003s ]

[ 2017-05-26T17:41:19+08:00 ] 127.0.0.1 /index.php/Admin/Doc/checkContent
INFO: [ app_begin ] --START--
INFO: Run Behavior\ReadHtmlCacheBehavior [ RunTime:0.000542s ]
INFO: [ app_begin ] --END-- [ RunTime:0.000862s ]
SQL: SELECT * FROM `oa_doc` WHERE `id` = '1' LIMIT 1   [ RunTime:0.0003s ]

[ 2017-05-26T17:41:22+08:00 ] 127.0.0.1 /index.php/Admin/Doc/checkContent
INFO: [ app_begin ] --START--
INFO: Run Behavior\ReadHtmlCacheBehavior [ RunTime:0.001192s ]
INFO: [ app_begin ] --END-- [ RunTime:0.001815s ]
SQL: SELECT * FROM `oa_doc` WHERE `id` = '4' LIMIT 1   [ RunTime:0.0003s ]

[ 2017-05-26T17:41:28+08:00 ] 127.0.0.1 /index.php/Admin/Doc/checkContent
INFO: [ app_begin ] --START--
INFO: Run Behavior\ReadHtmlCacheBehavior [ RunTime:0.000680s ]
INFO: [ app_begin ] --END-- [ RunTime:0.001075s ]
SQL: SELECT * FROM `oa_doc` WHERE `id` = '4' LIMIT 1   [ RunTime:0.0003s ]

[ 2017-05-26T17:45:16+08:00 ] 127.0.0.1 /index.php/Admin/Doc/checkContent
INFO: [ app_begin ] --START--
INFO: Run Behavior\ReadHtmlCacheBehavior [ RunTime:0.000617s ]
INFO: [ app_begin ] --END-- [ RunTime:0.001208s ]
SQL: SELECT * FROM `oa_doc` WHERE `id` = '5' LIMIT 1   [ RunTime:0.0004s ]

[ 2017-05-26T17:48:28+08:00 ] 127.0.0.1 /index.php/Admin/Doc/checkContent
INFO: [ app_begin ] --START--
INFO: Run Behavior\ReadHtmlCacheBehavior [ RunTime:0.000510s ]
INFO: [ app_begin ] --END-- [ RunTime:0.001106s ]
SQL: SELECT * FROM `oa_doc` WHERE `id` = '5' LIMIT 1   [ RunTime:0.0004s ]

[ 2017-05-26T17:56:30+08:00 ] 127.0.0.1 /index.php/Admin/Doc/checkContent
INFO: [ app_begin ] --START--
INFO: Run Behavior\ReadHtmlCacheBehavior [ RunTime:0.000612s ]
INFO: [ app_begin ] --END-- [ RunTime:0.000942s ]
SQL: SELECT * FROM `oa_doc` WHERE `id` = '5' LIMIT 1   [ RunTime:0.0004s ]

[ 2017-05-26T17:59:25+08:00 ] 127.0.0.1 /index.php/Admin/Doc/checkContent
INFO: [ app_begin ] --START--
INFO: Run Behavior\ReadHtmlCacheBehavior [ RunTime:0.000570s ]
INFO: [ app_begin ] --END-- [ RunTime:0.000887s ]
SQL: SELECT * FROM `oa_doc` WHERE `id` = '4' LIMIT 1   [ RunTime:0.0006s ]

[ 2017-05-26T17:59:28+08:00 ] 127.0.0.1 /index.php/Admin/Doc/checkContent
INFO: [ app_begin ] --START--
INFO: Run Behavior\ReadHtmlCacheBehavior [ RunTime:0.000610s ]
INFO: [ app_begin ] --END-- [ RunTime:0.001149s ]
SQL: SELECT * FROM `oa_doc` WHERE `id` = '5' LIMIT 1   [ RunTime:0.0003s ]

[ 2017-05-26T21:42:31+08:00 ] 127.0.0.1 /index.php/Admin/Doc/checkContent
INFO: [ app_begin ] --START--
INFO: Run Behavior\ReadHtmlCacheBehavior [ RunTime:0.028631s ]
INFO: [ app_begin ] --END-- [ RunTime:0.266729s ]
SQL: SELECT * FROM `oa_doc` WHERE `id` = '5' LIMIT 1   [ RunTime:0.0008s ]

[ 2017-05-26T22:11:40+08:00 ] 127.0.0.1 /index.php/Admin/Doc/del
INFO: [ app_begin ] --START--
INFO: Run Behavior\ReadHtmlCacheBehavior [ RunTime:0.000695s ]
INFO: [ app_begin ] --END-- [ RunTime:0.001289s ]
INFO: [ app_end ] --START--
INFO: Run Behavior\ShowPageTraceBehavior [ RunTime:0.000796s ]
INFO: [ app_end ] --END-- [ RunTime:0.000860s ]

[ 2017-05-26T22:12:18+08:00 ] 127.0.0.1 /index.php/Admin/Doc/del
INFO: [ app_begin ] --START--
INFO: Run Behavior\ReadHtmlCacheBehavior [ RunTime:0.002443s ]
INFO: [ app_begin ] --END-- [ RunTime:0.003042s ]
INFO: [ app_end ] --START--
INFO: Run Behavior\ShowPageTraceBehavior [ RunTime:0.000746s ]
INFO: [ app_end ] --END-- [ RunTime:0.000808s ]

[ 2017-05-26T22:12:41+08:00 ] 127.0.0.1 /index.php/Admin/Doc/checkContent
INFO: [ app_begin ] --START--
INFO: Run Behavior\ReadHtmlCacheBehavior [ RunTime:0.000864s ]
INFO: [ app_begin ] --END-- [ RunTime:0.001405s ]
SQL: SELECT * FROM `oa_doc` WHERE `id` = '6' LIMIT 1   [ RunTime:0.0004s ]

[ 2017-05-26T22:12:46+08:00 ] 127.0.0.1 /index.php/Admin/Doc/checkContent
INFO: [ app_begin ] --START--
INFO: Run Behavior\ReadHtmlCacheBehavior [ RunTime:0.000844s ]
INFO: [ app_begin ] --END-- [ RunTime:0.001749s ]
SQL: SELECT * FROM `oa_doc` WHERE `id` = '6' LIMIT 1   [ RunTime:0.0003s ]

[ 2017-05-26T22:14:28+08:00 ] 127.0.0.1 /index.php/Admin/Doc/checkContent
INFO: [ app_begin ] --START--
INFO: Run Behavior\ReadHtmlCacheBehavior [ RunTime:0.000759s ]
INFO: [ app_begin ] --END-- [ RunTime:0.001320s ]
SQL: SELECT * FROM `oa_doc` WHERE `id` = '5' LIMIT 1   [ RunTime:0.0003s ]

[ 2017-05-26T22:16:42+08:00 ] 127.0.0.1 /index.php/Admin/Doc/checkContent
INFO: [ app_begin ] --START--
INFO: Run Behavior\ReadHtmlCacheBehavior [ RunTime:0.000799s ]
INFO: [ app_begin ] --END-- [ RunTime:0.001555s ]
SQL: SELECT * FROM `oa_doc` WHERE `id` = '7' LIMIT 1   [ RunTime:0.0005s ]

[ 2017-05-26T22:17:59+08:00 ] 127.0.0.1 /index.php/Admin/Doc/checkContent
INFO: [ app_begin ] --START--
INFO: Run Behavior\ReadHtmlCacheBehavior [ RunTime:0.000967s ]
INFO: [ app_begin ] --END-- [ RunTime:0.001493s ]
SQL: SELECT * FROM `oa_doc` WHERE `id` = '7' LIMIT 1   [ RunTime:0.0008s ]

[ 2017-05-26T22:18:43+08:00 ] 127.0.0.1 /index.php/Admin/Doc/checkContent
INFO: [ app_begin ] --START--
INFO: Run Behavior\ReadHtmlCacheBehavior [ RunTime:0.000775s ]
INFO: [ app_begin ] --END-- [ RunTime:0.001128s ]
SQL: SELECT * FROM `oa_doc` WHERE `id` = '7' LIMIT 1   [ RunTime:0.0005s ]

[ 2017-05-26T22:20:52+08:00 ] 127.0.0.1 /index.php/Admin/Doc/index/p/1.html
ERR: SQLSTATE[42S22]: Column not found: 1054 Unknown column 'create_time' in 'order clause'

[ 2017-05-26T22:31:30+08:00 ] 127.0.0.1 /index.php/Admin/Doc/checkContent
INFO: [ app_begin ] --START--
INFO: Run Behavior\ReadHtmlCacheBehavior [ RunTime:0.000874s ]
INFO: [ app_begin ] --END-- [ RunTime:0.001439s ]
SQL: SELECT * FROM `oa_doc` WHERE `id` = '7' LIMIT 1   [ RunTime:0.0005s ]

[ 2017-05-26T22:31:36+08:00 ] 127.0.0.1 /index.php/Admin/Doc/checkContent
INFO: [ app_begin ] --START--
INFO: Run Behavior\ReadHtmlCacheBehavior [ RunTime:0.000630s ]
INFO: [ app_begin ] --END-- [ RunTime:0.001161s ]
SQL: SELECT * FROM `oa_doc` WHERE `id` = '5' LIMIT 1   [ RunTime:0.0004s ]

[ 2017-05-26T23:21:22+08:00 ] 127.0.0.1 /index.php/Admin/Doc/del
INFO: [ app_begin ] --START--
INFO: Run Behavior\ReadHtmlCacheBehavior [ RunTime:0.000639s ]
INFO: [ app_begin ] --END-- [ RunTime:0.001058s ]
SQL: SELECT `file` FROM `oa_doc` WHERE `id` = '9' LIMIT 1   [ RunTime:0.0002s ]
INFO: [ app_end ] --START--
INFO: Run Behavior\ShowPageTraceBehavior [ RunTime:0.000623s ]
INFO: [ app_end ] --END-- [ RunTime:0.000657s ]

[ 2017-05-26T23:21:34+08:00 ] 127.0.0.1 /index.php/Admin/Doc/del
INFO: [ app_begin ] --START--
INFO: Run Behavior\ReadHtmlCacheBehavior [ RunTime:0.001686s ]
INFO: [ app_begin ] --END-- [ RunTime:0.005248s ]
SQL: SELECT `file` FROM `oa_doc` WHERE `id` = '9' LIMIT 1   [ RunTime:0.0003s ]
INFO: [ app_end ] --START--
INFO: Run Behavior\ShowPageTraceBehavior [ RunTime:0.000671s ]
INFO: [ app_end ] --END-- [ RunTime:0.000709s ]

[ 2017-05-26T23:21:53+08:00 ] 127.0.0.1 /index.php/Admin/Doc/del
INFO: [ app_begin ] --START--
INFO: Run Behavior\ReadHtmlCacheBehavior [ RunTime:0.000888s ]
INFO: [ app_begin ] --END-- [ RunTime:0.001486s ]
SQL: SELECT `file` FROM `oa_doc` WHERE `id` = '1' LIMIT 1   [ RunTime:0.0026s ]
INFO: [ app_end ] --START--
INFO: Run Behavior\ShowPageTraceBehavior [ RunTime:0.001032s ]
INFO: [ app_end ] --END-- [ RunTime:0.001104s ]

[ 2017-05-26T23:31:06+08:00 ] 127.0.0.1 /index.php/Admin/Doc/del
INFO: [ app_begin ] --START--
INFO: Run Behavior\ReadHtmlCacheBehavior [ RunTime:0.000475s ]
INFO: [ app_begin ] --END-- [ RunTime:0.000750s ]
SQL: SELECT `file` FROM `oa_doc` WHERE `id` = '9' LIMIT 1   [ RunTime:0.0003s ]
SQL: DELETE FROM `oa_doc` WHERE `id` = '9' [ RunTime:0.0944s ]

[ 2017-05-26T23:31:14+08:00 ] 127.0.0.1 /index.php/Admin/Doc/del
INFO: [ app_begin ] --START--
INFO: Run Behavior\ReadHtmlCacheBehavior [ RunTime:0.000454s ]
INFO: [ app_begin ] --END-- [ RunTime:0.000757s ]
SQL: SELECT `file` FROM `oa_doc` WHERE `id` = '6' LIMIT 1   [ RunTime:0.0002s ]
SQL: DELETE FROM `oa_doc` WHERE `id` = '6' [ RunTime:0.0774s ]

[ 2017-05-26T23:31:48+08:00 ] 127.0.0.1 /index.php/Admin/Doc/del
INFO: [ app_begin ] --START--
INFO: Run Behavior\ReadHtmlCacheBehavior [ RunTime:0.000546s ]
INFO: [ app_begin ] --END-- [ RunTime:0.000883s ]
SQL: SELECT `file` FROM `oa_doc` WHERE `id` = '1' LIMIT 1   [ RunTime:0.0004s ]
NOTIC: [2] unlink(./Upolads/20170526/5927b070e4816.jpg): No such file or directory D:\oa\Application\Admin\Controller\DocController.class.php 第 122 行.
SQL: DELETE FROM `oa_doc` WHERE `id` = '1' [ RunTime:0.0495s ]

[ 2017-05-26T23:32:45+08:00 ] 127.0.0.1 /index.php/Admin/Doc/del
INFO: [ app_begin ] --START--
INFO: Run Behavior\ReadHtmlCacheBehavior [ RunTime:0.000474s ]
INFO: [ app_begin ] --END-- [ RunTime:0.000796s ]
SQL: SELECT `file` FROM `oa_doc` WHERE `id` = '4' LIMIT 1   [ RunTime:0.0002s ]
NOTIC: [2] unlink(/Upolads/20170526/5927edb5cdd8f.jpg): No such file or directory D:\oa\Application\Admin\Controller\DocController.class.php 第 122 行.
SQL: DELETE FROM `oa_doc` WHERE `id` = '4' [ RunTime:0.1072s ]

[ 2017-05-26T23:33:43+08:00 ] 127.0.0.1 /index.php/Admin/Doc/del
INFO: [ app_begin ] --START--
INFO: Run Behavior\ReadHtmlCacheBehavior [ RunTime:0.000566s ]
INFO: [ app_begin ] --END-- [ RunTime:0.000982s ]
SQL: SELECT `file` FROM `oa_doc` WHERE `id` = '3' LIMIT 1   [ RunTime:0.0003s ]
SQL: DELETE FROM `oa_doc` WHERE `id` = '3' [ RunTime:0.0679s ]

[ 2017-05-26T23:39:12+08:00 ] 127.0.0.1 /index.php/Admin/Doc/del
INFO: [ app_begin ] --START--
INFO: Run Behavior\ReadHtmlCacheBehavior [ RunTime:0.000425s ]
INFO: [ app_begin ] --END-- [ RunTime:0.000697s ]
SQL: SELECT `file` FROM `oa_doc` WHERE `id` = '5' LIMIT 1   [ RunTime:0.0002s ]
SQL: DELETE FROM `oa_doc` WHERE `id` = '5' [ RunTime:0.0745s ]

[ 2017-05-26T23:39:45+08:00 ] 127.0.0.1 /index.php/Admin/Doc/checkContent
INFO: [ app_begin ] --START--
INFO: Run Behavior\ReadHtmlCacheBehavior [ RunTime:0.000750s ]
INFO: [ app_begin ] --END-- [ RunTime:0.004243s ]
SQL: SELECT * FROM `oa_doc` WHERE `id` = '11' LIMIT 1   [ RunTime:0.0004s ]

[ 2017-05-26T23:40:16+08:00 ] 127.0.0.1 /index.php/Admin/Doc/del
INFO: [ app_begin ] --START--
INFO: Run Behavior\ReadHtmlCacheBehavior [ RunTime:0.000405s ]
INFO: [ app_begin ] --END-- [ RunTime:0.000684s ]
SQL: SELECT `file` FROM `oa_doc` WHERE `id` = '2' LIMIT 1   [ RunTime:0.0003s ]
SQL: DELETE FROM `oa_doc` WHERE `id` = '2' [ RunTime:0.0662s ]

[ 2017-05-26T23:40:23+08:00 ] 127.0.0.1 /index.php/Admin/Doc/del
INFO: [ app_begin ] --START--
INFO: Run Behavior\ReadHtmlCacheBehavior [ RunTime:0.000448s ]
INFO: [ app_begin ] --END-- [ RunTime:0.000749s ]
SQL: SELECT `file` FROM `oa_doc` WHERE `id` = '10' LIMIT 1   [ RunTime:0.0002s ]
NOTIC: [2] unlink(./Uploads/20170526/59284b5bebea7.jpg): No such file or directory D:\oa\Application\Admin\Controller\DocController.class.php 第 122 行.
SQL: DELETE FROM `oa_doc` WHERE `id` = '10' [ RunTime:0.0496s ]

[ 2017-05-26T23:40:32+08:00 ] 127.0.0.1 /index.php/Admin/Doc/del
INFO: [ app_begin ] --START--
INFO: Run Behavior\ReadHtmlCacheBehavior [ RunTime:0.000383s ]
INFO: [ app_begin ] --END-- [ RunTime:0.000673s ]
SQL: SELECT `file` FROM `oa_doc` WHERE `id` = '11' LIMIT 1   [ RunTime:0.0002s ]
NOTIC: [2] unlink(./Uploads/20170526/59284c138e373.jpg): No such file or directory D:\oa\Application\Admin\Controller\DocController.class.php 第 122 行.
SQL: DELETE FROM `oa_doc` WHERE `id` = '11' [ RunTime:0.0818s ]

[ 2017-05-26T23:42:22+08:00 ] 127.0.0.1 /index.php/Admin/Doc/del
INFO: [ app_begin ] --START--
INFO: Run Behavior\ReadHtmlCacheBehavior [ RunTime:0.000375s ]
INFO: [ app_begin ] --END-- [ RunTime:0.000675s ]
SQL: SELECT `file` FROM `oa_doc` WHERE `id` = '13' LIMIT 1   [ RunTime:0.0003s ]
SQL: DELETE FROM `oa_doc` WHERE `id` = '13' [ RunTime:0.0497s ]

[ 2017-05-26T23:42:25+08:00 ] 127.0.0.1 /index.php/Admin/Doc/del
INFO: [ app_begin ] --START--
INFO: Run Behavior\ReadHtmlCacheBehavior [ RunTime:0.000474s ]
INFO: [ app_begin ] --END-- [ RunTime:0.000781s ]
SQL: SELECT `file` FROM `oa_doc` WHERE `id` = '12' LIMIT 1   [ RunTime:0.0002s ]
SQL: DELETE FROM `oa_doc` WHERE `id` = '12' [ RunTime:0.0664s ]

[ 2017-05-26T23:42:56+08:00 ] 127.0.0.1 /index.php/Admin/Doc/checkContent
INFO: [ app_begin ] --START--
INFO: Run Behavior\ReadHtmlCacheBehavior [ RunTime:0.000724s ]
INFO: [ app_begin ] --END-- [ RunTime:0.001196s ]
SQL: SELECT * FROM `oa_doc` WHERE `id` = '2' LIMIT 1   [ RunTime:0.0002s ]

[ 2017-05-26T23:42:57+08:00 ] 127.0.0.1 /index.php/Admin/Doc/checkContent
INFO: [ app_begin ] --START--
INFO: Run Behavior\ReadHtmlCacheBehavior [ RunTime:0.000400s ]
INFO: [ app_begin ] --END-- [ RunTime:0.000817s ]
SQL: SELECT * FROM `oa_doc` WHERE `id` = '2' LIMIT 1   [ RunTime:0.0004s ]

[ 2017-05-26T23:42:57+08:00 ] 127.0.0.1 /index.php/Admin/Doc/checkContent
INFO: [ app_begin ] --START--
INFO: Run Behavior\ReadHtmlCacheBehavior [ RunTime:0.000527s ]
INFO: [ app_begin ] --END-- [ RunTime:0.000869s ]
SQL: SELECT * FROM `oa_doc` WHERE `id` = '2' LIMIT 1   [ RunTime:0.0004s ]

[ 2017-05-26T23:42:58+08:00 ] 127.0.0.1 /index.php/Admin/Doc/checkContent
INFO: [ app_begin ] --START--
INFO: Run Behavior\ReadHtmlCacheBehavior [ RunTime:0.000753s ]
INFO: [ app_begin ] --END-- [ RunTime:0.001213s ]
SQL: SELECT * FROM `oa_doc` WHERE `id` = '2' LIMIT 1   [ RunTime:0.0003s ]

[ 2017-05-26T23:42:59+08:00 ] 127.0.0.1 /index.php/Admin/Doc/checkContent
INFO: [ app_begin ] --START--
INFO: Run Behavior\ReadHtmlCacheBehavior [ RunTime:0.000580s ]
INFO: [ app_begin ] --END-- [ RunTime:0.000960s ]
SQL: SELECT * FROM `oa_doc` WHERE `id` = '2' LIMIT 1   [ RunTime:0.0002s ]

[ 2017-05-26T23:43:00+08:00 ] 127.0.0.1 /index.php/Admin/Doc/checkContent
INFO: [ app_begin ] --START--
INFO: Run Behavior\ReadHtmlCacheBehavior [ RunTime:0.001008s ]
INFO: [ app_begin ] --END-- [ RunTime:0.001980s ]
SQL: SELECT * FROM `oa_doc` WHERE `id` = '1' LIMIT 1   [ RunTime:0.0003s ]

[ 2017-05-26T23:43:01+08:00 ] 127.0.0.1 /index.php/Admin/Doc/checkContent
INFO: [ app_begin ] --START--
INFO: Run Behavior\ReadHtmlCacheBehavior [ RunTime:0.001027s ]
INFO: [ app_begin ] --END-- [ RunTime:0.001545s ]
SQL: SELECT * FROM `oa_doc` WHERE `id` = '1' LIMIT 1   [ RunTime:0.0003s ]

[ 2017-05-26T23:43:02+08:00 ] 127.0.0.1 /index.php/Admin/Doc/checkContent
INFO: [ app_begin ] --START--
INFO: Run Behavior\ReadHtmlCacheBehavior [ RunTime:0.000827s ]
INFO: [ app_begin ] --END-- [ RunTime:0.001309s ]
SQL: SELECT * FROM `oa_doc` WHERE `id` = '2' LIMIT 1   [ RunTime:0.0003s ]

[ 2017-05-26T23:43:05+08:00 ] 127.0.0.1 /index.php/Admin/Doc/checkContent
INFO: [ app_begin ] --START--
INFO: Run Behavior\ReadHtmlCacheBehavior [ RunTime:0.000663s ]
INFO: [ app_begin ] --END-- [ RunTime:0.001162s ]
SQL: SELECT * FROM `oa_doc` WHERE `id` = '2' LIMIT 1   [ RunTime:0.0003s ]

[ 2017-05-26T23:43:06+08:00 ] 127.0.0.1 /index.php/Admin/Doc/checkContent
INFO: [ app_begin ] --START--
INFO: Run Behavior\ReadHtmlCacheBehavior [ RunTime:0.000631s ]
INFO: [ app_begin ] --END-- [ RunTime:0.001174s ]
SQL: SELECT * FROM `oa_doc` WHERE `id` = '1' LIMIT 1   [ RunTime:0.0003s ]

[ 2017-05-26T23:44:39+08:00 ] 127.0.0.1 /index.php/Admin/Doc/checkContent
INFO: [ app_begin ] --START--
INFO: Run Behavior\ReadHtmlCacheBehavior [ RunTime:0.000573s ]
INFO: [ app_begin ] --END-- [ RunTime:0.001150s ]
SQL: SELECT * FROM `oa_doc` WHERE `id` = '1' LIMIT 1   [ RunTime:0.0003s ]

[ 2017-05-26T23:44:41+08:00 ] 127.0.0.1 /index.php/Admin/Doc/checkContent
INFO: [ app_begin ] --START--
INFO: Run Behavior\ReadHtmlCacheBehavior [ RunTime:0.000469s ]
INFO: [ app_begin ] --END-- [ RunTime:0.000839s ]
SQL: SELECT * FROM `oa_doc` WHERE `id` = '2' LIMIT 1   [ RunTime:0.0019s ]

[ 2017-05-26T23:47:06+08:00 ] 127.0.0.1 /index.php/Admin/Doc/checkContent
INFO: [ app_begin ] --START--
INFO: Run Behavior\ReadHtmlCacheBehavior [ RunTime:0.000929s ]
INFO: [ app_begin ] --END-- [ RunTime:0.001546s ]
SQL: SELECT * FROM `oa_doc` WHERE `id` = '2' LIMIT 1   [ RunTime:0.0009s ]

[ 2017-05-26T23:47:06+08:00 ] 127.0.0.1 /index.php/Admin/Doc/checkContent
INFO: [ app_begin ] --START--
INFO: Run Behavior\ReadHtmlCacheBehavior [ RunTime:0.001070s ]
INFO: [ app_begin ] --END-- [ RunTime:0.001609s ]
SQL: SELECT * FROM `oa_doc` WHERE `id` = '2' LIMIT 1   [ RunTime:0.0002s ]

[ 2017-05-26T23:47:07+08:00 ] 127.0.0.1 /index.php/Admin/Doc/checkContent
INFO: [ app_begin ] --START--
INFO: Run Behavior\ReadHtmlCacheBehavior [ RunTime:0.000481s ]
INFO: [ app_begin ] --END-- [ RunTime:0.000905s ]
SQL: SELECT * FROM `oa_doc` WHERE `id` = '2' LIMIT 1   [ RunTime:0.0002s ]

[ 2017-05-26T23:47:07+08:00 ] 127.0.0.1 /index.php/Admin/Doc/checkContent
INFO: [ app_begin ] --START--
INFO: Run Behavior\ReadHtmlCacheBehavior [ RunTime:0.000427s ]
INFO: [ app_begin ] --END-- [ RunTime:0.000793s ]
SQL: SELECT * FROM `oa_doc` WHERE `id` = '2' LIMIT 1   [ RunTime:0.0002s ]

[ 2017-05-26T23:47:07+08:00 ] 127.0.0.1 /index.php/Admin/Doc/checkContent
INFO: [ app_begin ] --START--
INFO: Run Behavior\ReadHtmlCacheBehavior [ RunTime:0.000432s ]
INFO: [ app_begin ] --END-- [ RunTime:0.000752s ]
SQL: SELECT * FROM `oa_doc` WHERE `id` = '2' LIMIT 1   [ RunTime:0.0003s ]

[ 2017-05-26T23:47:09+08:00 ] 127.0.0.1 /index.php/Admin/Doc/del
INFO: [ app_begin ] --START--
INFO: Run Behavior\ReadHtmlCacheBehavior [ RunTime:0.000799s ]
INFO: [ app_begin ] --END-- [ RunTime:0.002118s ]
SQL: SELECT `file` FROM `oa_doc` WHERE `id` = '8' LIMIT 1   [ RunTime:0.0002s ]
SQL: DELETE FROM `oa_doc` WHERE `id` = '8' [ RunTime:0.0578s ]

[ 2017-05-26T23:47:13+08:00 ] 127.0.0.1 /index.php/Admin/Doc/del
INFO: [ app_begin ] --START--
INFO: Run Behavior\ReadHtmlCacheBehavior [ RunTime:0.000428s ]
INFO: [ app_begin ] --END-- [ RunTime:0.000748s ]
SQL: SELECT `file` FROM `oa_doc` WHERE `id` = '7' LIMIT 1   [ RunTime:0.0002s ]
SQL: DELETE FROM `oa_doc` WHERE `id` = '7' [ RunTime:0.0515s ]

[ 2017-05-26T23:48:04+08:00 ] 127.0.0.1 /index.php/Admin/Doc/checkContent
INFO: [ app_begin ] --START--
INFO: Run Behavior\ReadHtmlCacheBehavior [ RunTime:0.000502s ]
INFO: [ app_begin ] --END-- [ RunTime:0.000854s ]
SQL: SELECT * FROM `oa_doc` WHERE `id` = '14' LIMIT 1   [ RunTime:0.0006s ]

[ 2017-05-26T23:51:43+08:00 ] 127.0.0.1 /index.php/Admin/Doc/checkContent
INFO: [ app_begin ] --START--
INFO: Run Behavior\ReadHtmlCacheBehavior [ RunTime:0.000874s ]
INFO: [ app_begin ] --END-- [ RunTime:0.001431s ]
SQL: SELECT * FROM `oa_doc` WHERE `id` = '14' LIMIT 1   [ RunTime:0.0016s ]

[ 2017-05-26T23:51:47+08:00 ] 127.0.0.1 /index.php/Admin/Doc/checkContent
INFO: [ app_begin ] --START--
INFO: Run Behavior\ReadHtmlCacheBehavior [ RunTime:0.001047s ]
INFO: [ app_begin ] --END-- [ RunTime:0.001716s ]
SQL: SELECT * FROM `oa_doc` WHERE `id` = '15' LIMIT 1   [ RunTime:0.0003s ]

[ 2017-05-26T23:58:41+08:00 ] 127.0.0.1 /index.php/Admin/Doc/del
INFO: [ app_begin ] --START--
INFO: Run Behavior\ReadHtmlCacheBehavior [ RunTime:0.000818s ]
INFO: [ app_begin ] --END-- [ RunTime:0.001166s ]
SQL: DELETE FROM `oa_doc` WHERE `id` = '15' [ RunTime:0.0401s ]

