[ 2017-05-24T02:12:21+08:00 ] 127.0.0.1 /index.php/Admin/User/login
INFO: [ app_begin ] --START--
INFO: Run Behavior\ReadHtmlCacheBehavior [ RunTime:0.000425s ]
INFO: [ app_begin ] --END-- [ RunTime:0.000712s ]
SQL: SELECT * FROM `oa_user` WHERE ( username='大哥' ) LIMIT 1   [ RunTime:0.1146s ]

[ 2017-05-24T02:26:15+08:00 ] 127.0.0.1 /index.php/Admin/User/charts
ERR: 模板不存在:./Application/Admin/View/User/charts.html

[ 2017-05-24T19:17:38+08:00 ] 127.0.0.1 /index.php/Admin/User/ajaxDel
INFO: [ app_begin ] --START--
INFO: Run Behavior\ReadHtmlCacheBehavior [ RunTime:0.000426s ]
INFO: [ app_begin ] --END-- [ RunTime:0.000748s ]
SQL: DELETE FROM `oa_user` WHERE ( id=11 ) [ RunTime:0.0392s ]

[ 2017-05-24T19:17:40+08:00 ] 127.0.0.1 /index.php/Admin/User/ajaxDel
INFO: [ app_begin ] --START--
INFO: Run Behavior\ReadHtmlCacheBehavior [ RunTime:0.000534s ]
INFO: [ app_begin ] --END-- [ RunTime:0.000910s ]
SQL: DELETE FROM `oa_user` WHERE ( id=10 ) [ RunTime:0.0589s ]

[ 2017-05-24T19:17:42+08:00 ] 127.0.0.1 /index.php/Admin/User/ajaxDel
INFO: [ app_begin ] --START--
INFO: Run Behavior\ReadHtmlCacheBehavior [ RunTime:0.000456s ]
INFO: [ app_begin ] --END-- [ RunTime:0.000769s ]
SQL: DELETE FROM `oa_user` WHERE ( id=9 ) [ RunTime:0.1325s ]

[ 2017-05-24T19:17:45+08:00 ] 127.0.0.1 /index.php/Admin/User/ajaxDel
INFO: [ app_begin ] --START--
INFO: Run Behavior\ReadHtmlCacheBehavior [ RunTime:0.000552s ]
INFO: [ app_begin ] --END-- [ RunTime:0.000982s ]
SQL: DELETE FROM `oa_user` WHERE ( id=8 ) [ RunTime:0.0416s ]

[ 2017-05-24T19:17:47+08:00 ] 127.0.0.1 /index.php/Admin/User/ajaxDel
INFO: [ app_begin ] --START--
INFO: Run Behavior\ReadHtmlCacheBehavior [ RunTime:0.000420s ]
INFO: [ app_begin ] --END-- [ RunTime:0.000671s ]
SQL: DELETE FROM `oa_user` WHERE ( id=7 ) [ RunTime:0.0432s ]

