[ 2017-05-25T02:50:57+08:00 ] 127.0.0.1 /index.php/Admin/Doc/index
ERR: 模板不存在:./Application/Admin/View/Doc/index.html

[ 2017-05-25T02:50:59+08:00 ] 127.0.0.1 /index.php/Admin/Doc/add
ERR: 模板不存在:./Application/Admin/View/Doc/add.html

[ 2017-05-25T17:58:35+08:00 ] 127.0.0.1 /index.php/Admin/User/ajaxDel
INFO: [ app_begin ] --START--
INFO: Run Behavior\ReadHtmlCacheBehavior [ RunTime:0.000313s ]
INFO: [ app_begin ] --END-- [ RunTime:0.000565s ]
SQL: DELETE FROM `oa_user` WHERE ( id=2 ) [ RunTime:0.2269s ]

[ 2017-05-25T18:03:35+08:00 ] 127.0.0.1 /index.php/Admin/User/login
INFO: [ app_begin ] --START--
INFO: Run Behavior\ReadHtmlCacheBehavior [ RunTime:0.000684s ]
INFO: [ app_begin ] --END-- [ RunTime:0.001319s ]
SQL: SELECT * FROM `oa_user` WHERE ( username='sad' ) LIMIT 1   [ RunTime:0.0005s ]

[ 2017-05-25T18:05:05+08:00 ] 127.0.0.1 /index.php/Admin/User/ajaxDel
INFO: [ app_begin ] --START--
INFO: Run Behavior\ReadHtmlCacheBehavior [ RunTime:0.000381s ]
INFO: [ app_begin ] --END-- [ RunTime:0.000655s ]
SQL: DELETE FROM `oa_user` WHERE ( id=1 ) [ RunTime:0.0568s ]

[ 2017-05-25T18:09:20+08:00 ] 127.0.0.1 /index.php/Admin/User/login
INFO: [ app_begin ] --START--
INFO: Run Behavior\ReadHtmlCacheBehavior [ RunTime:0.000378s ]
INFO: [ app_begin ] --END-- [ RunTime:0.000660s ]
SQL: SELECT * FROM `oa_user` WHERE ( username='大哥' ) LIMIT 1   [ RunTime:0.0003s ]

[ 2017-05-25T18:09:34+08:00 ] 127.0.0.1 /index.php/Admin/User/ajaxDel
INFO: [ app_begin ] --START--
INFO: Run Behavior\ReadHtmlCacheBehavior [ RunTime:0.000388s ]
INFO: [ app_begin ] --END-- [ RunTime:0.000665s ]
SQL: DELETE FROM `oa_user` WHERE ( id=6 ) [ RunTime:0.0638s ]

[ 2017-05-25T18:10:07+08:00 ] 127.0.0.1 /index.php/Admin/User/login
INFO: [ app_begin ] --START--
INFO: Run Behavior\ReadHtmlCacheBehavior [ RunTime:0.000710s ]
INFO: [ app_begin ] --END-- [ RunTime:0.001223s ]
SQL: SELECT * FROM `oa_user` WHERE ( username='admin' ) LIMIT 1   [ RunTime:0.0005s ]

