[ 2017-05-20T15:56:55+08:00 ] 127.0.0.1 /index.php/Admin/Dept/ajaxDel
INFO: [ app_begin ] --START--
INFO: Run Behavior\ReadHtmlCacheBehavior [ RunTime:0.000430s ]
INFO: [ app_begin ] --END-- [ RunTime:0.000781s ]
INFO: [ app_end ] --START--
INFO: Run Behavior\ShowPageTraceBehavior [ RunTime:0.000623s ]
INFO: [ app_end ] --END-- [ RunTime:0.000693s ]

[ 2017-05-20T15:57:40+08:00 ] 127.0.0.1 /index.php/Admin/Dept/ajaxDel
INFO: [ app_begin ] --START--
INFO: Run Behavior\ReadHtmlCacheBehavior [ RunTime:0.000371s ]
INFO: [ app_begin ] --END-- [ RunTime:0.000643s ]
INFO: [ app_end ] --START--
INFO: Run Behavior\ShowPageTraceBehavior [ RunTime:0.000368s ]
INFO: [ app_end ] --END-- [ RunTime:0.000403s ]

[ 2017-05-20T15:58:41+08:00 ] 127.0.0.1 /index.php/Admin/Dept/ajaxDel
INFO: [ app_begin ] --START--
INFO: Run Behavior\ReadHtmlCacheBehavior [ RunTime:0.000570s ]
INFO: [ app_begin ] --END-- [ RunTime:0.001070s ]
INFO: [ app_end ] --START--
INFO: Run Behavior\ShowPageTraceBehavior [ RunTime:0.000710s ]
INFO: [ app_end ] --END-- [ RunTime:0.000791s ]

[ 2017-05-20T16:01:20+08:00 ] 127.0.0.1 /index.php/Admin/Dept/ajaxDel
INFO: [ app_begin ] --START--
INFO: Run Behavior\ReadHtmlCacheBehavior [ RunTime:0.000392s ]
INFO: [ app_begin ] --END-- [ RunTime:0.000707s ]
INFO: [ app_end ] --START--
INFO: Run Behavior\ShowPageTraceBehavior [ RunTime:0.000405s ]
INFO: [ app_end ] --END-- [ RunTime:0.000450s ]

[ 2017-05-20T16:03:01+08:00 ] 127.0.0.1 /index.php/Admin/Dept/ajaxDel
INFO: [ app_begin ] --START--
INFO: Run Behavior\ReadHtmlCacheBehavior [ RunTime:0.000655s ]
INFO: [ app_begin ] --END-- [ RunTime:0.001604s ]
INFO: [ app_end ] --START--
INFO: Run Behavior\ShowPageTraceBehavior [ RunTime:0.001061s ]
INFO: [ app_end ] --END-- [ RunTime:0.001160s ]

[ 2017-05-20T16:04:57+08:00 ] 127.0.0.1 /index.php/Admin/Dept/ajaxDel
INFO: [ app_begin ] --START--
INFO: Run Behavior\ReadHtmlCacheBehavior [ RunTime:0.000563s ]
INFO: [ app_begin ] --END-- [ RunTime:0.001344s ]
INFO: [ app_end ] --START--
INFO: Run Behavior\ShowPageTraceBehavior [ RunTime:0.000444s ]
INFO: [ app_end ] --END-- [ RunTime:0.000494s ]

[ 2017-05-20T16:05:08+08:00 ] 127.0.0.1 /index.php/Admin/Dept/ajaxDel
INFO: [ app_begin ] --START--
INFO: Run Behavior\ReadHtmlCacheBehavior [ RunTime:0.000399s ]
INFO: [ app_begin ] --END-- [ RunTime:0.000756s ]
INFO: [ app_end ] --START--
INFO: Run Behavior\ShowPageTraceBehavior [ RunTime:0.000925s ]
INFO: [ app_end ] --END-- [ RunTime:0.001022s ]

[ 2017-05-20T16:05:51+08:00 ] 127.0.0.1 /index.php/Admin/Dept/ajaxDel
INFO: [ app_begin ] --START--
INFO: Run Behavior\ReadHtmlCacheBehavior [ RunTime:0.000373s ]
INFO: [ app_begin ] --END-- [ RunTime:0.000668s ]
INFO: [ app_end ] --START--
INFO: Run Behavior\ShowPageTraceBehavior [ RunTime:0.000410s ]
INFO: [ app_end ] --END-- [ RunTime:0.000453s ]

[ 2017-05-20T16:06:50+08:00 ] 127.0.0.1 /index.php/Admin/Dept/ajaxDel
INFO: [ app_begin ] --START--
INFO: Run Behavior\ReadHtmlCacheBehavior [ RunTime:0.000381s ]
INFO: [ app_begin ] --END-- [ RunTime:0.000637s ]
NOTIC: [8] Array to string conversion D:\oa\Application\Admin\Controller\DeptController.class.php 第 75 行.
INFO: [ app_end ] --START--
INFO: Run Behavior\ShowPageTraceBehavior [ RunTime:0.000327s ]
INFO: [ app_end ] --END-- [ RunTime:0.000361s ]

[ 2017-05-20T16:07:28+08:00 ] 127.0.0.1 /index.php/Admin/Dept/ajaxDel
INFO: [ app_begin ] --START--
INFO: Run Behavior\ReadHtmlCacheBehavior [ RunTime:0.000592s ]
INFO: [ app_begin ] --END-- [ RunTime:0.001214s ]
INFO: [ app_end ] --START--
INFO: Run Behavior\ShowPageTraceBehavior [ RunTime:0.001426s ]
INFO: [ app_end ] --END-- [ RunTime:0.001650s ]

[ 2017-05-20T16:08:52+08:00 ] 127.0.0.1 /index.php/Admin/Dept/ajaxDel
INFO: [ app_begin ] --START--
INFO: Run Behavior\ReadHtmlCacheBehavior [ RunTime:0.000852s ]
INFO: [ app_begin ] --END-- [ RunTime:0.001515s ]
INFO: [ app_end ] --START--
INFO: Run Behavior\ShowPageTraceBehavior [ RunTime:0.000615s ]
INFO: [ app_end ] --END-- [ RunTime:0.000726s ]

[ 2017-05-20T16:09:40+08:00 ] 127.0.0.1 /index.php/Admin/Dept/ajaxDel
INFO: [ app_begin ] --START--
INFO: Run Behavior\ReadHtmlCacheBehavior [ RunTime:0.000577s ]
INFO: [ app_begin ] --END-- [ RunTime:0.001115s ]
INFO: [ app_end ] --START--
INFO: Run Behavior\ShowPageTraceBehavior [ RunTime:0.000670s ]
INFO: [ app_end ] --END-- [ RunTime:0.000748s ]

[ 2017-05-20T16:10:28+08:00 ] 127.0.0.1 /index.php/Admin/Dept/ajaxDel
INFO: [ app_begin ] --START--
INFO: Run Behavior\ReadHtmlCacheBehavior [ RunTime:0.000637s ]
INFO: [ app_begin ] --END-- [ RunTime:0.001307s ]
INFO: [ app_end ] --START--
INFO: Run Behavior\ShowPageTraceBehavior [ RunTime:0.001479s ]
INFO: [ app_end ] --END-- [ RunTime:0.001839s ]

[ 2017-05-20T16:12:03+08:00 ] 127.0.0.1 /index.php/Admin/Dept/ajaxDel
INFO: [ app_begin ] --START--
INFO: Run Behavior\ReadHtmlCacheBehavior [ RunTime:0.000590s ]
INFO: [ app_begin ] --END-- [ RunTime:0.001027s ]
INFO: [ app_end ] --START--
INFO: Run Behavior\ShowPageTraceBehavior [ RunTime:0.000764s ]
INFO: [ app_end ] --END-- [ RunTime:0.000884s ]

[ 2017-05-20T16:14:33+08:00 ] 127.0.0.1 /index.php/Admin/Dept/ajaxDel
INFO: [ app_begin ] --START--
INFO: Run Behavior\ReadHtmlCacheBehavior [ RunTime:0.000321s ]
INFO: [ app_begin ] --END-- [ RunTime:0.000578s ]
INFO: [ app_end ] --START--
INFO: Run Behavior\ShowPageTraceBehavior [ RunTime:0.000757s ]
INFO: [ app_end ] --END-- [ RunTime:0.000865s ]

[ 2017-05-20T16:18:56+08:00 ] 127.0.0.1 /index.php/Admin/Dept/ajaxDel
INFO: [ app_begin ] --START--
INFO: Run Behavior\ReadHtmlCacheBehavior [ RunTime:0.000805s ]
INFO: [ app_begin ] --END-- [ RunTime:0.001525s ]
SQL: DELETE FROM `oa_dept` WHERE `id` = '' [ RunTime:0.0004s ]
INFO: [ app_end ] --START--
INFO: Run Behavior\ShowPageTraceBehavior [ RunTime:0.000523s ]
INFO: [ app_end ] --END-- [ RunTime:0.000584s ]

[ 2017-05-20T16:19:17+08:00 ] 127.0.0.1 /index.php/Admin/Dept/ajaxDel
INFO: [ app_begin ] --START--
INFO: Run Behavior\ReadHtmlCacheBehavior [ RunTime:0.000701s ]
INFO: [ app_begin ] --END-- [ RunTime:0.001199s ]
SQL: DELETE FROM `oa_dept` WHERE `id` = '' [ RunTime:0.0002s ]
INFO: [ app_end ] --START--
INFO: Run Behavior\ShowPageTraceBehavior [ RunTime:0.000650s ]
INFO: [ app_end ] --END-- [ RunTime:0.000701s ]

[ 2017-05-20T16:20:20+08:00 ] 127.0.0.1 /index.php/Admin/Dept/ajaxDel
INFO: [ app_begin ] --START--
INFO: Run Behavior\ReadHtmlCacheBehavior [ RunTime:0.000549s ]
INFO: [ app_begin ] --END-- [ RunTime:0.001064s ]
SQL: DELETE FROM `oa_dept` WHERE `id` = '' [ RunTime:0.0002s ]
INFO: [ app_end ] --START--
INFO: Run Behavior\ShowPageTraceBehavior [ RunTime:0.000517s ]
INFO: [ app_end ] --END-- [ RunTime:0.000556s ]

[ 2017-05-20T16:21:02+08:00 ] 127.0.0.1 /index.php/Admin/Dept/ajaxDel
INFO: [ app_begin ] --START--
INFO: Run Behavior\ReadHtmlCacheBehavior [ RunTime:0.000477s ]
INFO: [ app_begin ] --END-- [ RunTime:0.000861s ]
SQL: DELETE FROM `oa_dept` WHERE `id` = '' [ RunTime:0.0003s ]
INFO: [ app_end ] --START--
INFO: Run Behavior\ShowPageTraceBehavior [ RunTime:0.000768s ]
INFO: [ app_end ] --END-- [ RunTime:0.000834s ]

[ 2017-05-20T16:22:34+08:00 ] 127.0.0.1 /index.php/Admin/Dept/ajaxDel
INFO: [ app_begin ] --START--
INFO: Run Behavior\ReadHtmlCacheBehavior [ RunTime:0.000783s ]
INFO: [ app_begin ] --END-- [ RunTime:0.001324s ]
SQL: DELETE FROM `oa_dept` WHERE `id` = '' [ RunTime:0.0003s ]
INFO: [ app_end ] --START--
INFO: Run Behavior\ShowPageTraceBehavior [ RunTime:0.000827s ]
INFO: [ app_end ] --END-- [ RunTime:0.000923s ]

[ 2017-05-20T16:23:38+08:00 ] 127.0.0.1 /index.php/Admin/Dept/ajaxDel
INFO: [ app_begin ] --START--
INFO: Run Behavior\ReadHtmlCacheBehavior [ RunTime:0.000605s ]
INFO: [ app_begin ] --END-- [ RunTime:0.000993s ]
SQL: DELETE FROM `oa_dept` WHERE `id` = '6' [ RunTime:0.0904s ]
INFO: [ app_end ] --START--
INFO: Run Behavior\ShowPageTraceBehavior [ RunTime:0.001049s ]
INFO: [ app_end ] --END-- [ RunTime:0.001130s ]

[ 2017-05-20T16:26:51+08:00 ] 127.0.0.1 /index.php/Admin/Dept/ajaxDel
INFO: [ app_begin ] --START--
INFO: Run Behavior\ReadHtmlCacheBehavior [ RunTime:0.000649s ]
INFO: [ app_begin ] --END-- [ RunTime:0.001166s ]
SQL: DELETE FROM `oa_dept` WHERE `id` = '8' [ RunTime:0.0748s ]
INFO: [ app_end ] --START--
INFO: Run Behavior\ShowPageTraceBehavior [ RunTime:0.000496s ]
INFO: [ app_end ] --END-- [ RunTime:0.000535s ]

[ 2017-05-20T16:28:43+08:00 ] 127.0.0.1 /index.php/Admin/Dept/ajaxDel
INFO: [ app_begin ] --START--
INFO: Run Behavior\ReadHtmlCacheBehavior [ RunTime:0.000890s ]
INFO: [ app_begin ] --END-- [ RunTime:0.001607s ]
SQL: DELETE FROM `oa_dept` WHERE `id` = '8' [ RunTime:0.0027s ]
INFO: [ app_end ] --START--
INFO: Run Behavior\ShowPageTraceBehavior [ RunTime:0.000641s ]
INFO: [ app_end ] --END-- [ RunTime:0.000676s ]

[ 2017-05-20T16:28:49+08:00 ] 127.0.0.1 /index.php/Admin/Dept/ajaxDel
INFO: [ app_begin ] --START--
INFO: Run Behavior\ReadHtmlCacheBehavior [ RunTime:0.000659s ]
INFO: [ app_begin ] --END-- [ RunTime:0.001160s ]
SQL: DELETE FROM `oa_dept` WHERE `id` = '8' [ RunTime:0.0004s ]
INFO: [ app_end ] --START--
INFO: Run Behavior\ShowPageTraceBehavior [ RunTime:0.000508s ]
INFO: [ app_end ] --END-- [ RunTime:0.000567s ]

[ 2017-05-20T16:28:52+08:00 ] 127.0.0.1 /index.php/Admin/Dept/ajaxDel
INFO: [ app_begin ] --START--
INFO: Run Behavior\ReadHtmlCacheBehavior [ RunTime:0.000599s ]
INFO: [ app_begin ] --END-- [ RunTime:0.001110s ]
SQL: DELETE FROM `oa_dept` WHERE `id` = '8' [ RunTime:0.0003s ]
INFO: [ app_end ] --START--
INFO: Run Behavior\ShowPageTraceBehavior [ RunTime:0.000632s ]
INFO: [ app_end ] --END-- [ RunTime:0.000685s ]

[ 2017-05-20T16:28:58+08:00 ] 127.0.0.1 /index.php/Admin/Dept/ajaxDel
INFO: [ app_begin ] --START--
INFO: Run Behavior\ReadHtmlCacheBehavior [ RunTime:0.000795s ]
INFO: [ app_begin ] --END-- [ RunTime:0.001995s ]
SQL: DELETE FROM `oa_dept` WHERE `id` = '7' [ RunTime:0.0244s ]
INFO: [ app_end ] --START--
INFO: Run Behavior\ShowPageTraceBehavior [ RunTime:0.000791s ]
INFO: [ app_end ] --END-- [ RunTime:0.000856s ]

[ 2017-05-20T16:33:17+08:00 ] 127.0.0.1 /index.php/Admin/Dept/ajaxDel
INFO: [ app_begin ] --START--
INFO: Run Behavior\ReadHtmlCacheBehavior [ RunTime:0.000838s ]
INFO: [ app_begin ] --END-- [ RunTime:0.001448s ]
SQL: DELETE FROM `oa_dept` WHERE `id` = '4' [ RunTime:0.1872s ]
INFO: [ app_end ] --START--
INFO: Run Behavior\ShowPageTraceBehavior [ RunTime:0.001146s ]
INFO: [ app_end ] --END-- [ RunTime:0.001240s ]

[ 2017-05-20T16:35:03+08:00 ] 127.0.0.1 /index.php/Admin/Dept/ajaxDel
INFO: [ app_begin ] --START--
INFO: Run Behavior\ReadHtmlCacheBehavior [ RunTime:0.000594s ]
INFO: [ app_begin ] --END-- [ RunTime:0.001094s ]
SQL: DELETE FROM `oa_dept` WHERE `id` = '10' [ RunTime:0.0630s ]
INFO: [ app_end ] --START--
INFO: Run Behavior\ShowPageTraceBehavior [ RunTime:0.000501s ]
INFO: [ app_end ] --END-- [ RunTime:0.000544s ]

[ 2017-05-20T16:36:14+08:00 ] 127.0.0.1 /index.php/Admin/Dept/ajaxDel
INFO: [ app_begin ] --START--
INFO: Run Behavior\ReadHtmlCacheBehavior [ RunTime:0.000388s ]
INFO: [ app_begin ] --END-- [ RunTime:0.000714s ]
SQL: DELETE FROM `oa_dept` WHERE `id` = '100' [ RunTime:0.0003s ]
INFO: [ app_end ] --START--
INFO: Run Behavior\ShowPageTraceBehavior [ RunTime:0.000750s ]
INFO: [ app_end ] --END-- [ RunTime:0.000821s ]

[ 2017-05-20T16:38:47+08:00 ] 127.0.0.1 /index.php/Admin/Dept/ajaxDel
INFO: [ app_begin ] --START--
INFO: Run Behavior\ReadHtmlCacheBehavior [ RunTime:0.001821s ]
INFO: [ app_begin ] --END-- [ RunTime:0.002374s ]
SQL: DELETE FROM `oa_dept` WHERE `id` = '100' [ RunTime:0.0004s ]
INFO: [ app_end ] --START--
INFO: Run Behavior\ShowPageTraceBehavior [ RunTime:0.001350s ]
INFO: [ app_end ] --END-- [ RunTime:0.001462s ]

[ 2017-05-20T16:38:51+08:00 ] 127.0.0.1 /index.php/Admin/Dept/ajaxDel
INFO: [ app_begin ] --START--
INFO: Run Behavior\ReadHtmlCacheBehavior [ RunTime:0.000532s ]
INFO: [ app_begin ] --END-- [ RunTime:0.000949s ]
SQL: DELETE FROM `oa_dept` WHERE `id` = '100' [ RunTime:0.0003s ]
INFO: [ app_end ] --START--
INFO: Run Behavior\ShowPageTraceBehavior [ RunTime:0.001311s ]
INFO: [ app_end ] --END-- [ RunTime:0.001465s ]

[ 2017-05-20T16:38:57+08:00 ] 127.0.0.1 /index.php/Admin/Dept/ajaxDel
INFO: [ app_begin ] --START--
INFO: Run Behavior\ReadHtmlCacheBehavior [ RunTime:0.000478s ]
INFO: [ app_begin ] --END-- [ RunTime:0.000802s ]
SQL: DELETE FROM `oa_dept` WHERE `id` = '3' [ RunTime:0.0317s ]
INFO: [ app_end ] --START--
INFO: Run Behavior\ShowPageTraceBehavior [ RunTime:0.001965s ]
INFO: [ app_end ] --END-- [ RunTime:0.002090s ]

[ 2017-05-20T16:39:06+08:00 ] 127.0.0.1 /index.php/Admin/Dept/ajaxDel
INFO: [ app_begin ] --START--
INFO: Run Behavior\ReadHtmlCacheBehavior [ RunTime:0.000990s ]
INFO: [ app_begin ] --END-- [ RunTime:0.001623s ]
SQL: DELETE FROM `oa_dept` WHERE `id` = '11' [ RunTime:0.0646s ]
INFO: [ app_end ] --START--
INFO: Run Behavior\ShowPageTraceBehavior [ RunTime:0.000541s ]
INFO: [ app_end ] --END-- [ RunTime:0.000594s ]

[ 2017-05-20T16:45:29+08:00 ] 127.0.0.1 /index.php/Admin/Dept/ajaxDel
INFO: [ app_begin ] --START--
INFO: Run Behavior\ReadHtmlCacheBehavior [ RunTime:0.000358s ]
INFO: [ app_begin ] --END-- [ RunTime:0.000725s ]
SQL: DELETE FROM `oa_dept` WHERE `id` = '12' [ RunTime:0.0674s ]
INFO: [ app_end ] --START--
INFO: Run Behavior\ShowPageTraceBehavior [ RunTime:0.000508s ]
INFO: [ app_end ] --END-- [ RunTime:0.000546s ]

[ 2017-05-20T16:51:18+08:00 ] 127.0.0.1 /index.php/Admin/Dept/ajaxDel
INFO: [ app_begin ] --START--
INFO: Run Behavior\ReadHtmlCacheBehavior [ RunTime:0.000542s ]
INFO: [ app_begin ] --END-- [ RunTime:0.001020s ]
SQL: DELETE FROM `oa_dept` WHERE `id` = '9' [ RunTime:0.0582s ]
INFO: [ app_end ] --START--
INFO: Run Behavior\ShowPageTraceBehavior [ RunTime:0.001887s ]
INFO: [ app_end ] --END-- [ RunTime:0.002125s ]

[ 2017-05-20T17:31:14+08:00 ] 127.0.0.1 /index.php/Admin/Dept/ajaxDel
INFO: [ app_begin ] --START--
INFO: Run Behavior\ReadHtmlCacheBehavior [ RunTime:0.000354s ]
INFO: [ app_begin ] --END-- [ RunTime:0.001372s ]
SQL: DELETE FROM `oa_dept` WHERE `id` = '14' [ RunTime:0.0519s ]
INFO: [ app_end ] --START--
INFO: Run Behavior\ShowPageTraceBehavior [ RunTime:0.001174s ]
INFO: [ app_end ] --END-- [ RunTime:0.001245s ]

[ 2017-05-20T17:32:27+08:00 ] 127.0.0.1 /index.php/Admin/Dept/ajaxDel
INFO: [ app_begin ] --START--
INFO: Run Behavior\ReadHtmlCacheBehavior [ RunTime:0.000488s ]
INFO: [ app_begin ] --END-- [ RunTime:0.000783s ]
SQL: DELETE FROM `oa_dept` WHERE `id` = '16' [ RunTime:0.0697s ]
INFO: [ app_end ] --START--
INFO: Run Behavior\ShowPageTraceBehavior [ RunTime:0.000557s ]
INFO: [ app_end ] --END-- [ RunTime:0.000603s ]

[ 2017-05-20T17:32:50+08:00 ] 127.0.0.1 /index.php/Admin/Dept/ajaxDel
INFO: [ app_begin ] --START--
INFO: Run Behavior\ReadHtmlCacheBehavior [ RunTime:0.000487s ]
INFO: [ app_begin ] --END-- [ RunTime:0.000882s ]
SQL: DELETE FROM `oa_dept` WHERE `id` = '13' [ RunTime:0.0612s ]
INFO: [ app_end ] --START--
INFO: Run Behavior\ShowPageTraceBehavior [ RunTime:0.002072s ]
INFO: [ app_end ] --END-- [ RunTime:0.002248s ]

[ 2017-05-20T17:36:06+08:00 ] 127.0.0.1 /index.php/Admin/Dept/ajaxDel
INFO: [ app_begin ] --START--
INFO: Run Behavior\ReadHtmlCacheBehavior [ RunTime:0.000458s ]
INFO: [ app_begin ] --END-- [ RunTime:0.000767s ]
SQL: DELETE FROM `oa_dept` WHERE `id` = '15' [ RunTime:0.0434s ]
INFO: [ app_end ] --START--
INFO: Run Behavior\ShowPageTraceBehavior [ RunTime:0.002026s ]
INFO: [ app_end ] --END-- [ RunTime:0.002219s ]

[ 2017-05-20T17:36:16+08:00 ] 127.0.0.1 /index.php/Admin/Dept/ajaxDel
INFO: [ app_begin ] --START--
INFO: Run Behavior\ReadHtmlCacheBehavior [ RunTime:0.000543s ]
INFO: [ app_begin ] --END-- [ RunTime:0.000952s ]
SQL: DELETE FROM `oa_dept` WHERE `id` = '5' [ RunTime:0.0430s ]
INFO: [ app_end ] --START--
INFO: Run Behavior\ShowPageTraceBehavior [ RunTime:0.000598s ]
INFO: [ app_end ] --END-- [ RunTime:0.000645s ]

[ 2017-05-20T17:51:48+08:00 ] 127.0.0.1 /index.php/Admin/Dept/ajaxDel
INFO: [ app_begin ] --START--
INFO: Run Behavior\ReadHtmlCacheBehavior [ RunTime:0.000384s ]
INFO: [ app_begin ] --END-- [ RunTime:0.000675s ]
SQL: DELETE FROM `oa_dept` WHERE `id` = '22' [ RunTime:0.0448s ]
INFO: [ app_end ] --START--
INFO: Run Behavior\ShowPageTraceBehavior [ RunTime:0.000517s ]
INFO: [ app_end ] --END-- [ RunTime:0.000553s ]

[ 2017-05-20T17:55:41+08:00 ] 127.0.0.1 /index.php/Admin/Dept/ajaxDel
INFO: [ app_begin ] --START--
INFO: Run Behavior\ReadHtmlCacheBehavior [ RunTime:0.002097s ]
INFO: [ app_begin ] --END-- [ RunTime:0.002859s ]
SQL: DELETE FROM `oa_dept` WHERE `id` = '23' [ RunTime:0.0223s ]
INFO: [ app_end ] --START--
INFO: Run Behavior\ShowPageTraceBehavior [ RunTime:0.000507s ]
INFO: [ app_end ] --END-- [ RunTime:0.000544s ]

[ 2017-05-20T17:55:51+08:00 ] 127.0.0.1 /index.php/Admin/Dept/ajaxDel
INFO: [ app_begin ] --START--
INFO: Run Behavior\ReadHtmlCacheBehavior [ RunTime:0.000393s ]
INFO: [ app_begin ] --END-- [ RunTime:0.000683s ]
SQL: DELETE FROM `oa_dept` WHERE `id` = '19' [ RunTime:0.0622s ]
INFO: [ app_end ] --START--
INFO: Run Behavior\ShowPageTraceBehavior [ RunTime:0.000495s ]
INFO: [ app_end ] --END-- [ RunTime:0.000539s ]

[ 2017-05-20T17:55:56+08:00 ] 127.0.0.1 /index.php/Admin/Dept/ajaxDel
INFO: [ app_begin ] --START--
INFO: Run Behavior\ReadHtmlCacheBehavior [ RunTime:0.000455s ]
INFO: [ app_begin ] --END-- [ RunTime:0.000880s ]
SQL: DELETE FROM `oa_dept` WHERE `id` = '20' [ RunTime:0.0443s ]
INFO: [ app_end ] --START--
INFO: Run Behavior\ShowPageTraceBehavior [ RunTime:0.000705s ]
INFO: [ app_end ] --END-- [ RunTime:0.000773s ]

[ 2017-05-20T17:55:59+08:00 ] 127.0.0.1 /index.php/Admin/Dept/ajaxDel
INFO: [ app_begin ] --START--
INFO: Run Behavior\ReadHtmlCacheBehavior [ RunTime:0.000326s ]
INFO: [ app_begin ] --END-- [ RunTime:0.000558s ]
SQL: DELETE FROM `oa_dept` WHERE `id` = '21' [ RunTime:0.0179s ]
INFO: [ app_end ] --START--
INFO: Run Behavior\ShowPageTraceBehavior [ RunTime:0.000519s ]
INFO: [ app_end ] --END-- [ RunTime:0.000555s ]

[ 2017-05-20T17:56:02+08:00 ] 127.0.0.1 /index.php/Admin/Dept/ajaxDel
INFO: [ app_begin ] --START--
INFO: Run Behavior\ReadHtmlCacheBehavior [ RunTime:0.000546s ]
INFO: [ app_begin ] --END-- [ RunTime:0.001025s ]
SQL: DELETE FROM `oa_dept` WHERE `id` = '18' [ RunTime:0.0167s ]
INFO: [ app_end ] --START--
INFO: Run Behavior\ShowPageTraceBehavior [ RunTime:0.000567s ]
INFO: [ app_end ] --END-- [ RunTime:0.000617s ]

[ 2017-05-20T17:56:05+08:00 ] 127.0.0.1 /index.php/Admin/Dept/ajaxDel
INFO: [ app_begin ] --START--
INFO: Run Behavior\ReadHtmlCacheBehavior [ RunTime:0.000423s ]
INFO: [ app_begin ] --END-- [ RunTime:0.000741s ]
SQL: DELETE FROM `oa_dept` WHERE `id` = '17' [ RunTime:0.0840s ]
INFO: [ app_end ] --START--
INFO: Run Behavior\ShowPageTraceBehavior [ RunTime:0.000523s ]
INFO: [ app_end ] --END-- [ RunTime:0.000566s ]

[ 2017-05-20T20:03:04+08:00 ] 127.0.0.1 /index.php/admin/user/css/base.css
ERR: 非法操作:css

[ 2017-05-20T20:03:04+08:00 ] 127.0.0.1 /index.php/admin/user/css/info-reg.css
ERR: 非法操作:css

[ 2017-05-20T20:03:04+08:00 ] 127.0.0.1 /index.php/admin/user/js/common.js
ERR: 非法操作:js

[ 2017-05-20T20:03:04+08:00 ] 127.0.0.1 /index.php/admin/user/js/jquery.js
ERR: 非法操作:js

[ 2017-05-20T20:03:04+08:00 ] 127.0.0.1 /index.php/admin/user/js/common.js
ERR: 非法操作:js

[ 2017-05-20T20:03:12+08:00 ] 127.0.0.1 /index.php/admin/user/css/base.css
ERR: 非法操作:css

[ 2017-05-20T20:03:12+08:00 ] 127.0.0.1 /index.php/admin/user/js/jquery.js
ERR: 非法操作:js

[ 2017-05-20T20:03:12+08:00 ] 127.0.0.1 /index.php/admin/user/js/common.js
ERR: 非法操作:js

[ 2017-05-20T20:03:12+08:00 ] 127.0.0.1 /index.php/admin/user/css/info-reg.css
ERR: 非法操作:css

[ 2017-05-20T20:03:12+08:00 ] 127.0.0.1 /index.php/admin/user/js/common.js
ERR: 非法操作:js

[ 2017-05-20T20:04:16+08:00 ] 127.0.0.1 /index.php/admin/user/css/base.css
ERR: 非法操作:css

[ 2017-05-20T20:04:16+08:00 ] 127.0.0.1 /index.php/admin/user/css/info-reg.css
ERR: 非法操作:css

[ 2017-05-20T20:04:16+08:00 ] 127.0.0.1 /index.php/admin/user/js/common.js
ERR: 非法操作:js

[ 2017-05-20T20:04:16+08:00 ] 127.0.0.1 /index.php/admin/user/js/jquery.js
ERR: 非法操作:js

[ 2017-05-20T20:04:16+08:00 ] 127.0.0.1 /index.php/admin/user/js/common.js
ERR: 非法操作:js

[ 2017-05-20T20:06:30+08:00 ] 127.0.0.1 /index.php/Admin/User/css/base.css
ERR: 非法操作:css

[ 2017-05-20T20:06:30+08:00 ] 127.0.0.1 /index.php/Admin/User/js/common.js
ERR: 非法操作:js

[ 2017-05-20T20:06:30+08:00 ] 127.0.0.1 /index.php/Admin/User/js/jquery.js
ERR: 非法操作:js

[ 2017-05-20T20:06:30+08:00 ] 127.0.0.1 /index.php/Admin/User/css/info-reg.css
ERR: 非法操作:css

[ 2017-05-20T20:06:30+08:00 ] 127.0.0.1 /index.php/Admin/User/js/common.js
ERR: 非法操作:js

[ 2017-05-20T20:06:33+08:00 ] 127.0.0.1 /index.php/Admin/User/css/info-reg.css
ERR: 非法操作:css

[ 2017-05-20T20:06:33+08:00 ] 127.0.0.1 /index.php/Admin/User/css/base.css
ERR: 非法操作:css

[ 2017-05-20T20:06:33+08:00 ] 127.0.0.1 /index.php/Admin/User/js/jquery.js
ERR: 非法操作:js

[ 2017-05-20T20:06:33+08:00 ] 127.0.0.1 /index.php/Admin/User/js/common.js
ERR: 非法操作:js

[ 2017-05-20T20:06:38+08:00 ] 127.0.0.1 /index.php/Admin/User/css/info-reg.css
ERR: 非法操作:css

[ 2017-05-20T20:06:38+08:00 ] 127.0.0.1 /index.php/Admin/User/js/jquery.js
ERR: 非法操作:js

[ 2017-05-20T20:06:38+08:00 ] 127.0.0.1 /index.php/Admin/User/js/common.js
ERR: 非法操作:js

[ 2017-05-20T20:06:38+08:00 ] 127.0.0.1 /index.php/Admin/User/css/base.css
ERR: 非法操作:css

[ 2017-05-20T20:06:38+08:00 ] 127.0.0.1 /index.php/Admin/User/js/common.js
ERR: 非法操作:js

